# JRE version: Java(TM) SE Runtime Environment (8.0_221-b11) (build 1.8.0_221-b11)
# Java VM: Java HotSpot(TM) 64-Bit Server VM (25.221-b11 mixed mode windows-amd64 compressed oops)
Heap:
 PSYoungGen      total 130048K, used 9523K [0x00000000eb500000, 0x00000000f5d80000, 0x0000000100000000)
  eden space 127488K, 5% used [0x00000000eb500000,0x00000000ebc28be0,0x00000000f3180000)
  from space 2560K, 85% used [0x00000000f4180000,0x00000000f43a40c0,0x00000000f4400000)
  to   space 15360K, 0% used [0x00000000f4e80000,0x00000000f4e80000,0x00000000f5d80000)
 ParOldGen       total 83968K, used 20145K [0x00000000c1e00000, 0x00000000c7000000, 0x00000000eb500000)
  object space 83968K, 23% used [0x00000000c1e00000,0x00000000c31ac698,0x00000000c7000000)
 Metaspace       used 62399K, capacity 65276K, committed 65448K, reserved 1105920K
  class space    used 8291K, capacity 8804K, committed 8880K, reserved 1048576K
GC Heap History (10 events):
Event: 10101.880 GC heap before
{Heap before GC invocations=16 (full 3):
 PSYoungGen      total 156160K, used 156070K [0x00000000eb500000, 0x00000000f7f80000, 0x0000000100000000)
  eden space 151552K, 100% used [0x00000000eb500000,0x00000000f4900000,0x00000000f4900000)
  from space 4608K, 98% used [0x00000000f7b00000,0x00000000f7f69988,0x00000000f7f80000)
  to   space 15872K, 0% used [0x00000000f6080000,0x00000000f6080000,0x00000000f7000000)
 ParOldGen       total 83968K, used 20105K [0x00000000c1e00000, 0x00000000c7000000, 0x00000000eb500000)
  object space 83968K, 23% used [0x00000000c1e00000,0x00000000c31a2698,0x00000000c7000000)
 Metaspace       used 62008K, capacity 64854K, committed 65192K, reserved 1105920K
  class space    used 8263K, capacity 8771K, committed 8880K, reserved 1048576K
Event: 10102.247 GC heap after
Heap after GC invocations=16 (full 3):
 PSYoungGen      total 149504K, used 2640K [0x00000000eb500000, 0x00000000f7b80000, 0x0000000100000000)
  eden space 146432K, 0% used [0x00000000eb500000,0x00000000eb500000,0x00000000f4400000)
  from space 3072K, 85% used [0x00000000f6080000,0x00000000f63140c0,0x00000000f6380000)
  to   space 15872K, 0% used [0x00000000f6c00000,0x00000000f6c00000,0x00000000f7b80000)
 ParOldGen       total 83968K, used 20113K [0x00000000c1e00000, 0x00000000c7000000, 0x00000000eb500000)
  object space 83968K, 23% used [0x00000000c1e00000,0x00000000c31a4698,0x00000000c7000000)
 Metaspace       used 62008K, capacity 64854K, committed 65192K, reserved 1105920K
  class space    used 8263K, capacity 8771K, committed 8880K, reserved 1048576K
}
Event: 10112.800 GC heap before
{Heap before GC invocations=17 (full 3):
 PSYoungGen      total 149504K, used 149072K [0x00000000eb500000, 0x00000000f7b80000, 0x0000000100000000)
  eden space 146432K, 100% used [0x00000000eb500000,0x00000000f4400000,0x00000000f4400000)
  from space 3072K, 85% used [0x00000000f6080000,0x00000000f63140c0,0x00000000f6380000)
  to   space 15872K, 0% used [0x00000000f6c00000,0x00000000f6c00000,0x00000000f7b80000)
 ParOldGen       total 83968K, used 20113K [0x00000000c1e00000, 0x00000000c7000000, 0x00000000eb500000)
  object space 83968K, 23% used [0x00000000c1e00000,0x00000000c31a4698,0x00000000c7000000)
 Metaspace       used 62228K, capacity 65046K, committed 65192K, reserved 1105920K
  class space    used 8265K, capacity 8771K, committed 8880K, reserved 1048576K
Event: 10112.832 GC heap after
Heap after GC invocations=17 (full 3):
 PSYoungGen      total 143872K, used 2128K [0x00000000eb500000, 0x00000000f6e80000, 0x0000000100000000)
  eden space 141312K, 0% used [0x00000000eb500000,0x00000000eb500000,0x00000000f3f00000)
  from space 2560K, 83% used [0x00000000f6c00000,0x00000000f6e140c0,0x00000000f6e80000)
  to   space 15872K, 0% used [0x00000000f4f80000,0x00000000f4f80000,0x00000000f5f00000)
 ParOldGen       total 83968K, used 20121K [0x00000000c1e00000, 0x00000000c7000000, 0x00000000eb500000)
  object space 83968K, 23% used [0x00000000c1e00000,0x00000000c31a6698,0x00000000c7000000)
 Metaspace       used 62228K, capacity 65046K, committed 65192K, reserved 1105920K
  class space    used 8265K, capacity 8771K, committed 8880K, reserved 1048576K
}
Event: 10133.720 GC heap before
{Heap before GC invocations=18 (full 3):
 PSYoungGen      total 143872K, used 143440K [0x00000000eb500000, 0x00000000f6e80000, 0x0000000100000000)
  eden space 141312K, 100% used [0x00000000eb500000,0x00000000f3f00000,0x00000000f3f00000)
  from space 2560K, 83% used [0x00000000f6c00000,0x00000000f6e140c0,0x00000000f6e80000)
  to   space 15872K, 0% used [0x00000000f4f80000,0x00000000f4f80000,0x00000000f5f00000)
 ParOldGen       total 83968K, used 20121K [0x00000000c1e00000, 0x00000000c7000000, 0x00000000eb500000)
  object space 83968K, 23% used [0x00000000c1e00000,0x00000000c31a6698,0x00000000c7000000)
 Metaspace       used 62232K, capacity 65046K, committed 65192K, reserved 1105920K
  class space    used 8266K, capacity 8771K, committed 8880K, reserved 1048576K
Event: 10133.767 GC heap after
Heap after GC invocations=18 (full 3):
 PSYoungGen      total 139264K, used 2224K [0x00000000eb500000, 0x00000000f6c80000, 0x0000000100000000)
  eden space 136704K, 0% used [0x00000000eb500000,0x00000000eb500000,0x00000000f3a80000)
  from space 2560K, 86% used [0x00000000f4f80000,0x00000000f51ac0c0,0x00000000f5200000)
  to   space 15872K, 0% used [0x00000000f5d00000,0x00000000f5d00000,0x00000000f6c80000)
 ParOldGen       total 83968K, used 20129K [0x00000000c1e00000, 0x00000000c7000000, 0x00000000eb500000)
  object space 83968K, 23% used [0x00000000c1e00000,0x00000000c31a8698,0x00000000c7000000)
 Metaspace       used 62232K, capacity 65046K, committed 65192K, reserved 1105920K
  class space    used 8266K, capacity 8771K, committed 8880K, reserved 1048576K
}
Event: 10139.257 GC heap before
{Heap before GC invocations=19 (full 3):
 PSYoungGen      total 139264K, used 138928K [0x00000000eb500000, 0x00000000f6c80000, 0x0000000100000000)
  eden space 136704K, 100% used [0x00000000eb500000,0x00000000f3a80000,0x00000000f3a80000)
  from space 2560K, 86% used [0x00000000f4f80000,0x00000000f51ac0c0,0x00000000f5200000)
  to   space 15872K, 0% used [0x00000000f5d00000,0x00000000f5d00000,0x00000000f6c80000)
 ParOldGen       total 83968K, used 20129K [0x00000000c1e00000, 0x00000000c7000000, 0x00000000eb500000)
  object space 83968K, 23% used [0x00000000c1e00000,0x00000000c31a8698,0x00000000c7000000)
 Metaspace       used 62237K, capacity 65110K, committed 65448K, reserved 1105920K
  class space    used 8267K, capacity 8771K, committed 8880K, reserved 1048576K
Event: 10139.293 GC heap after
Heap after GC invocations=19 (full 3):
 PSYoungGen      total 134656K, used 2192K [0x00000000eb500000, 0x00000000f5f80000, 0x0000000100000000)
  eden space 132096K, 0% used [0x00000000eb500000,0x00000000eb500000,0x00000000f3600000)
  from space 2560K, 85% used [0x00000000f5d00000,0x00000000f5f240a0,0x00000000f5f80000)
  to   space 15360K, 0% used [0x00000000f4180000,0x00000000f4180000,0x00000000f5080000)
 ParOldGen       total 83968K, used 20137K [0x00000000c1e00000, 0x00000000c7000000, 0x00000000eb500000)
  object space 83968K, 23% used [0x00000000c1e00000,0x00000000c31aa698,0x00000000c7000000)
 Metaspace       used 62237K, capacity 65110K, committed 65448K, reserved 1105920K
  class space    used 8267K, capacity 8771K, committed 8880K, reserved 1048576K
}
Event: 10153.407 GC heap before
{Heap before GC invocations=20 (full 3):
 PSYoungGen      total 134656K, used 134288K [0x00000000eb500000, 0x00000000f5f80000, 0x0000000100000000)
  eden space 132096K, 100% used [0x00000000eb500000,0x00000000f3600000,0x00000000f3600000)
  from space 2560K, 85% used [0x00000000f5d00000,0x00000000f5f240a0,0x00000000f5f80000)
  to   space 15360K, 0% used [0x00000000f4180000,0x00000000f4180000,0x00000000f5080000)
 ParOldGen       total 83968K, used 20137K [0x00000000c1e00000, 0x00000000c7000000, 0x00000000eb500000)
  object space 83968K, 23% used [0x00000000c1e00000,0x00000000c31aa698,0x00000000c7000000)
 Metaspace       used 62243K, capacity 65110K, committed 65448K, reserved 1105920K
  class space    used 8267K, capacity 8771K, committed 8880K, reserved 1048576K
Event: 10153.426 GC heap after
Heap after GC invocations=20 (full 3):
 PSYoungGen      total 130048K, used 2192K [0x00000000eb500000, 0x00000000f5d80000, 0x0000000100000000)
  eden space 127488K, 0% used [0x00000000eb500000,0x00000000eb500000,0x00000000f3180000)
  from space 2560K, 85% used [0x00000000f4180000,0x00000000f43a40c0,0x00000000f4400000)
  to   space 15360K, 0% used [0x00000000f4e80000,0x00000000f4e80000,0x00000000f5d80000)
 ParOldGen       total 83968K, used 20145K [0x00000000c1e00000, 0x00000000c7000000, 0x00000000eb500000)
  object space 83968K, 23% used [0x00000000c1e00000,0x00000000c31ac698,0x00000000c7000000)
 Metaspace       used 62243K, capacity 65110K, committed 65448K, reserved 1105920K
  class space    used 8267K, capacity 8771K, committed 8880K, reserved 1048576K
}

